<?xml version="1.0" encoding="UTF-8"?>
<!-- Generated by org.testng.reporters.JUnitReportReporter -->
<testsuite skipped="0" hostname="DESKTOP-P2734B8" name="tests.MainPageTest" tests="3" failures="0" timestamp="19 cze 2019 12:07:19 GMT" time="35.685" errors="0">
  <testcase name="cookies" time="4.745" classname="tests.MainPageTest"/>
  <testcase name="mainPageLoading" time="2.177" classname="tests.MainPageTest"/>
  <testcase name="headerLinks" time="28.763" classname="tests.MainPageTest"/>
</testsuite> <!-- tests.MainPageTest -->
