<?xml version="1.0" encoding="UTF-8"?>
<!-- Generated by org.testng.reporters.JUnitReportReporter -->
<testsuite skipped="0" hostname="DESKTOP-P2734B8" name="tests.MainPageTest" tests="3" failures="0" timestamp="19 cze 2019 09:38:44 GMT" time="36.858" errors="0">
  <testcase name="cookies" time="5.128" classname="tests.MainPageTest"/>
  <testcase name="mainPageLoading" time="2.289" classname="tests.MainPageTest"/>
  <testcase name="headerLinks" time="29.441" classname="tests.MainPageTest"/>
</testsuite> <!-- tests.MainPageTest -->
