<?xml version="1.0" encoding="UTF-8"?>
<!-- Generated by org.testng.reporters.JUnitReportReporter -->
<testsuite skipped="0" hostname="DESKTOP-P2734B8" name="tests.MainPageTest" tests="3" failures="0" timestamp="18 cze 2019 20:49:54 GMT" time="42.987" errors="0">
  <testcase name="cookies" time="4.498" classname="tests.MainPageTest"/>
  <testcase name="mainPageLoading" time="3.615" classname="tests.MainPageTest"/>
  <testcase name="headerLinks" time="34.874" classname="tests.MainPageTest"/>
</testsuite> <!-- tests.MainPageTest -->
