<?xml version="1.0" encoding="UTF-8"?>
<!-- Generated by org.testng.reporters.JUnitReportReporter -->
<testsuite skipped="0" hostname="DESKTOP-P2734B8" name="tests.MainPageTest" tests="5" failures="0" timestamp="04 cze 2019 18:20:58 GMT" time="40.853" errors="0">
  <testcase name="secondContainer" time="3.669" classname="tests.MainPageTest"/>
  <testcase name="cookies" time="5.590" classname="tests.MainPageTest"/>
  <testcase name="headerLinks" time="23.949" classname="tests.MainPageTest"/>
  <testcase name="mainPageLoading" time="2.009" classname="tests.MainPageTest"/>
  <testcase name="firstContainer" time="5.636" classname="tests.MainPageTest"/>
</testsuite> <!-- tests.MainPageTest -->
