<?xml version="1.0" encoding="UTF-8"?>
<!-- Generated by org.testng.reporters.JUnitReportReporter -->
<testsuite skipped="0" hostname="DESKTOP-P2734B8" name="tests.MainPageTest" tests="1" failures="0" timestamp="05 cze 2019 20:57:59 GMT" time="132.739" errors="0">
  <testcase name="headerLinks" time="132.739" classname="tests.MainPageTest"/>
</testsuite> <!-- tests.MainPageTest -->
