<?xml version="1.0" encoding="UTF-8"?>
<!-- Generated by org.testng.reporters.JUnitReportReporter -->
<testsuite skipped="0" hostname="DESKTOP-P2734B8" name="tests.MainPageTest" tests="3" failures="0" timestamp="23 cze 2019 19:12:29 GMT" time="34.854" errors="0">
  <testcase name="headerLinks" time="26.533" classname="tests.MainPageTest"/>
  <testcase name="cookies" time="5.894" classname="tests.MainPageTest"/>
  <testcase name="mainPageLoading" time="2.427" classname="tests.MainPageTest"/>
</testsuite> <!-- tests.MainPageTest -->
